  cl : Command line warning D9025 : overriding '/MTd' with '/MDd'
  SandboxApp.cpp
D:\Programming Learning\C++\Anomaly Engine\Anomaly Engine\src\Anomaly\Log.h(18,54): warning C4251:  'Anomaly::Log::s_CoreLogger': class 'std::shared_ptr<spdlog::logger>' needs to have dll-interface to be used by clients of class 'Anomaly::Log'
D:\Programming Learning\C++\Anomaly Engine\Anomaly Engine\vendor\spdlog\include\spdlog\logger.h(142): message :  see declaration of 'std::shared_ptr<spdlog::logger>'
D:\Programming Learning\C++\Anomaly Engine\Anomaly Engine\src\Anomaly\Log.h(19,56): warning C4251:  'Anomaly::Log::s_ClientLogger': class 'std::shared_ptr<spdlog::logger>' needs to have dll-interface to be used by clients of class 'Anomaly::Log'
D:\Programming Learning\C++\Anomaly Engine\Anomaly Engine\vendor\spdlog\include\spdlog\logger.h(142): message :  see declaration of 'std::shared_ptr<spdlog::logger>'
D:\Programming Learning\C++\Anomaly Engine\Anomaly Engine\src\Anomaly\Layer.h(38,26): warning C4251:  'Anomaly::Layer::m_DebugName': class 'std::basic_string<char,std::char_traits<char>,std::allocator<char>>' needs to have dll-interface to be used by clients of class 'Anomaly::Layer'
D:\Programs\Visual Studio 2019\VC\Tools\MSVC\14.22.27905\include\xstring(4343): message :  see declaration of 'std::basic_string<char,std::char_traits<char>,std::allocator<char>>'
D:\Programming Learning\C++\Anomaly Engine\Anomaly Engine\src\Anomaly\LayerStack.h(25,31): warning C4251:  'Anomaly::LayerStack::m_Layers': class 'std::vector<Anomaly::Layer *,std::allocator<_Ty>>' needs to have dll-interface to be used by clients of class 'Anomaly::LayerStack'
D:\Programming Learning\C++\Anomaly Engine\Anomaly Engine\src\Anomaly\LayerStack.h(25,31): warning C4251:         with
D:\Programming Learning\C++\Anomaly Engine\Anomaly Engine\src\Anomaly\LayerStack.h(25,31): warning C4251:         [
D:\Programming Learning\C++\Anomaly Engine\Anomaly Engine\src\Anomaly\LayerStack.h(25,31): warning C4251:             _Ty=Anomaly::Layer *
D:\Programming Learning\C++\Anomaly Engine\Anomaly Engine\src\Anomaly\LayerStack.h(25,31): warning C4251:         ]
D:\Programming Learning\C++\Anomaly Engine\Anomaly Engine\src\Anomaly\LayerStack.h(21): message :  see declaration of 'std::vector<Anomaly::Layer *,std::allocator<_Ty>>'
D:\Programming Learning\C++\Anomaly Engine\Anomaly Engine\src\Anomaly\LayerStack.h(21): message :         with
D:\Programming Learning\C++\Anomaly Engine\Anomaly Engine\src\Anomaly\LayerStack.h(21): message :         [
D:\Programming Learning\C++\Anomaly Engine\Anomaly Engine\src\Anomaly\LayerStack.h(21): message :             _Ty=Anomaly::Layer *
D:\Programming Learning\C++\Anomaly Engine\Anomaly Engine\src\Anomaly\LayerStack.h(21): message :         ]
D:\Programming Learning\C++\Anomaly Engine\Anomaly Engine\src\Anomaly\Application.h(34,35): warning C4251:  'Anomaly::Application::m_Window': class 'std::unique_ptr<Anomaly::Window,std::default_delete<_Ty>>' needs to have dll-interface to be used by clients of class 'Anomaly::Application'
D:\Programming Learning\C++\Anomaly Engine\Anomaly Engine\src\Anomaly\Application.h(34,35): warning C4251:         with
D:\Programming Learning\C++\Anomaly Engine\Anomaly Engine\src\Anomaly\Application.h(34,35): warning C4251:         [
D:\Programming Learning\C++\Anomaly Engine\Anomaly Engine\src\Anomaly\Application.h(34,35): warning C4251:             _Ty=Anomaly::Window
D:\Programming Learning\C++\Anomaly Engine\Anomaly Engine\src\Anomaly\Application.h(34,35): warning C4251:         ]
D:\Programming Learning\C++\Anomaly Engine\Anomaly Engine\src\Anomaly\Application.h(34): message :  see declaration of 'std::unique_ptr<Anomaly::Window,std::default_delete<_Ty>>'
D:\Programming Learning\C++\Anomaly Engine\Anomaly Engine\src\Anomaly\Application.h(34): message :         with
D:\Programming Learning\C++\Anomaly Engine\Anomaly Engine\src\Anomaly\Application.h(34): message :         [
D:\Programming Learning\C++\Anomaly Engine\Anomaly Engine\src\Anomaly\Application.h(34): message :             _Ty=Anomaly::Window
D:\Programming Learning\C++\Anomaly Engine\Anomaly Engine\src\Anomaly\Application.h(34): message :         ]
  Sandbox.vcxproj -> D:\Programming Learning\C++\Anomaly Engine\Sandbox\..\bin\Debug-windows-x86_64\Sandbox\Sandbox.exe
