d:\programming learning\c++\anomaly engine\bin\debug-windows-x86_64\anomaly engine\anomaly engine.lib
d:\programming learning\c++\anomaly engine\bin\debug-windows-x86_64\anomaly engine\anomaly engine.exp
d:\programming learning\c++\anomaly engine\bin-int\debug-windows-x86_64\anomaly engine\anomaly engine.pch
d:\programming learning\c++\anomaly engine\bin-int\debug-windows-x86_64\anomaly engine\vc142.pdb
d:\programming learning\c++\anomaly engine\bin-int\debug-windows-x86_64\anomaly engine\vc142.idb
d:\programming learning\c++\anomaly engine\bin-int\debug-windows-x86_64\anomaly engine\aepch.obj
d:\programming learning\c++\anomaly engine\bin-int\debug-windows-x86_64\anomaly engine\glm.obj
d:\programming learning\c++\anomaly engine\bin-int\debug-windows-x86_64\anomaly engine\windowswindow.obj
d:\programming learning\c++\anomaly engine\bin-int\debug-windows-x86_64\anomaly engine\windowsinput.obj
d:\programming learning\c++\anomaly engine\bin-int\debug-windows-x86_64\anomaly engine\imguilayer.obj
d:\programming learning\c++\anomaly engine\bin-int\debug-windows-x86_64\anomaly engine\log.obj
d:\programming learning\c++\anomaly engine\bin-int\debug-windows-x86_64\anomaly engine\layerstack.obj
d:\programming learning\c++\anomaly engine\bin-int\debug-windows-x86_64\anomaly engine\layer.obj
d:\programming learning\c++\anomaly engine\bin-int\debug-windows-x86_64\anomaly engine\application.obj
d:\programming learning\c++\anomaly engine\bin-int\debug-windows-x86_64\anomaly engine\imguibuild.obj
d:\programming learning\c++\anomaly engine\bin-int\debug-windows-x86_64\anomaly engine\anomaly engine.tlog\anomaly engine.write.1u.tlog
d:\programming learning\c++\anomaly engine\bin-int\debug-windows-x86_64\anomaly engine\anomaly engine.tlog\cl.command.1.tlog
d:\programming learning\c++\anomaly engine\bin-int\debug-windows-x86_64\anomaly engine\anomaly engine.tlog\cl.read.1.tlog
d:\programming learning\c++\anomaly engine\bin-int\debug-windows-x86_64\anomaly engine\anomaly engine.tlog\cl.write.1.tlog
d:\programming learning\c++\anomaly engine\bin-int\debug-windows-x86_64\anomaly engine\anomaly engine.tlog\link.34676-cvtres.read.1.tlog
d:\programming learning\c++\anomaly engine\bin-int\debug-windows-x86_64\anomaly engine\anomaly engine.tlog\link.34676-cvtres.write.1.tlog
d:\programming learning\c++\anomaly engine\bin-int\debug-windows-x86_64\anomaly engine\anomaly engine.tlog\link.34676-rc.read.1.tlog
d:\programming learning\c++\anomaly engine\bin-int\debug-windows-x86_64\anomaly engine\anomaly engine.tlog\link.34676-rc.write.1.tlog
d:\programming learning\c++\anomaly engine\bin-int\debug-windows-x86_64\anomaly engine\anomaly engine.tlog\link.34676.read.1.tlog
d:\programming learning\c++\anomaly engine\bin-int\debug-windows-x86_64\anomaly engine\anomaly engine.tlog\link.34676.write.1.tlog
d:\programming learning\c++\anomaly engine\bin-int\debug-windows-x86_64\anomaly engine\anomaly engine.tlog\link.command.1.tlog
d:\programming learning\c++\anomaly engine\bin-int\debug-windows-x86_64\anomaly engine\anomaly engine.tlog\link.read.1.tlog
d:\programming learning\c++\anomaly engine\bin-int\debug-windows-x86_64\anomaly engine\anomaly engine.tlog\link.write.1.tlog
